<?xml version="1.0" encoding="UTF-8"?>
<!-- Generated by org.testng.reporters.JUnitReportReporter -->
<testsuite hostname="DESKTOP-KN9S64N" failures="0" tests="3" name="webTest.NewTest" time="40.524" errors="0" timestamp="2021-08-01T01:32:04 IST" skipped="0">
  <testcase classname="webTest.NewTest" name="test1" time="13.352"/>
  <system-out/>
  <testcase classname="webTest.NewTest" name="test1" time="13.705"/>
  <system-out/>
  <testcase classname="webTest.NewTest" name="test1" time="13.467"/>
  <system-out/>
</testsuite> <!-- webTest.NewTest -->
